graphs.cgi: form-Browser=Mozilla/5.0
graphs.cgi: form-DBNAME=okmis_dev
graphs.cgi: form-DOCBIN=C:/xampp/htdocs/cgi/bin
graphs.cgi: form-DOCPARENT=C:/xampp/
graphs.cgi: form-DOCROOT=C:/xampp/htdocs
graphs.cgi: form-FromDate=2025-05-01
graphs.cgi: form-FromDateD=05/01/2025
graphs.cgi: form-HTTPSERVER=https://localhost
graphs.cgi: form-LINKID=82265
graphs.cgi: form-LOGINACLID=
graphs.cgi: form-LOGINAGENCY=91
graphs.cgi: form-LOGINEMAIL=support@okmis.com
graphs.cgi: form-LOGINID=root
graphs.cgi: form-LOGINNAME=Millennium Group
graphs.cgi: form-LOGINPROVID=91
graphs.cgi: form-LOGINSCREEN=ManagerTree.cgi
graphs.cgi: form-LOGINTYPE=0
graphs.cgi: form-LOGINUSERDB=okmis_dev
graphs.cgi: form-LOGINUSERID=91
graphs.cgi: form-LOGINUSERNAME=Root User 
graphs.cgi: form-LOGINUSERTYPE=1
graphs.cgi: form-NOW=11:32:10
graphs.cgi: form-TODAY=2025-06-04
graphs.cgi: form-TheDate=2025-06-04
graphs.cgi: form-ToDate=2025-05-31
graphs.cgi: form-ToDateD=05/31/2025
graphs.cgi: form-USERLOGINID=okmis_dev:91
graphs.cgi: form-browser=Mozilla/5.0
graphs.cgi: form-daterange=lastmonth
graphs.cgi: form-method=BilledvsIncome
graphs.cgi: form-misLINKS=82255
graphs.cgi: form-mlt=ypZ92T9ooJwV
graphs.cgi: form-query=mlt=ypZ92T9ooJwV&misLINKS=82255
graphs.cgi: form-sesid=20250604113210_X5eojh
graphs.cgi: form-updLINKIDnew=
graphs.cgi: s=

select 'Amt' as MyKey, DATE_FORMAT(Treatment.ContLogDate,'%Y-%m') as MyX, SUM(Treatment.BilledAmt) as MyY1
, SUM(Treatment.IncAmt) as MyY2
 from Client
  left join ClientACL on ClientACL.ClientID=Client.ClientID
  left join Treatment on Treatment.ClientID=Client.ClientID
  left join Provider as Clinic on Clinic.ProvID=Client.clinicClinicID
  left join xSC on xSC.SCID=Treatment.SCID
  left join xInsurance on xInsurance.ID=xSC.InsID
 where Treatment.ContLogDate>="2025-05-01" and Treatment.ContLogDate<="2025-05-31"
   and  ClientACL.ProvID='91' 
 group by MyKey, MyX 
sel=

select 'Amt' as MyKey, DATE_FORMAT(Treatment.ContLogDate,'%Y-%m') as MyX, SUM(Treatment.BilledAmt) as MyY1
, SUM(Treatment.IncAmt) as MyY2
 from Client
  left join ClientACL on ClientACL.ClientID=Client.ClientID
  left join Treatment on Treatment.ClientID=Client.ClientID
  left join Provider as Clinic on Clinic.ProvID=Client.clinicClinicID
  left join xSC on xSC.SCID=Treatment.SCID
  left join xInsurance on xInsurance.ID=xSC.InsID
 where Treatment.ContLogDate>="2025-05-01" and Treatment.ContLogDate<="2025-05-31"
   and  ClientACL.ProvID='91' 
 group by MyKey, MyX 
y_values=MyY1|BillAmt:MyY2|IncAmt
data=

  data = 
  [

  ];

