<?xml version="1.0" encoding="UTF-8" ?> 
<?xfa generator="XFA2_0" APIVersion="2.2.4333.0" ?>
<xdp:xdp xmlns:xdp="http://ns.adobe.com/xdp/" >
<xfa:datasets xmlns:xfa="http://www.xfa.org/schema/xfa-data/1.0/" >
<xfa:data>
<topmostSubform>

    <recordid>2761</recordid>
    <companyLogo xfa:contentType="image/gif" xfa:transferEncoding="base64">
iVBORw0KGgoAAAANSUhEUgAAASIAAACHCAYAAACyGFRfAAAAGXRFWHRTb2Z0d2FyZQBBZG9iZSBJ
bWFnZVJlYWR5ccllPAAAI0JJREFUeNrsXQuQnFWVPpPMBJJApCeA8siindIVXEXTsz7YF6s9qPhA
xY7uw4L10aPoKruy9Oi6lcRH2W0hFioFaVxrdbfWdRpEttaoNY0KRrE0HUXEBzgdxUDEwDQJiUkg
j/2vfQ7/mTv3///7v7r/njlf1a1+/33v/c/57jnn3nvu0MaNG2GAMOyUI0455vWFDRs2gECw0LFp
0ya/j4ecstQphwelPUsGrP99SUggEPwBx1BXBgZLBrCDBQLBAtOVJXK/BAKBEJFAIBAiki4QCARC
RAKBYNFDTYefj8/vdEpHukQgEPQIOaecS0T0TXzzZU75uvSNQCDoEZ7vlK/prtkR6ReBQNBDPME5
EiMSCAR9x3CP/uc5ThlHf/AUpxx0yj6nNNAdPCS3QiDoG45zykudUnLKCU453im7oRs3nnbKjwed
iC50yjud8ldOWWn4/O+d8l2nXOWUm0UeBIKe47VOucIp5xk+e5NT9jvlNqdc65QtaVUiTdfsn5xy
C5IRkdCsU+52yi72PdUBNzpls1NWiVwIBD3BKtS5GzUS2oU6OouvV6IO34I6PTBEpK5Zc8rVzOJS
Vs8EdKPk65zyanz/XnTR1G/K2ClniYwIBKniLNS1MurePtRFQN1ch7o6gbpL3tPVqNtL0iCNJKHS
D3zMKVey965xStEpdafMOOUxpzyIn12Fvul2fK3iSF91yjkiKwJBKjgHdWwcX29HHbwKXz+IOjqD
OltEHSZciTo+lGUiei8WYGTzPacc0L43zIhLMe4FyNAKZzvlc05ZITIjECSKFahbZ+PrG1H3vsuI
RY8bH0Ad5jrN9TwRJBmsVgsiP4TP2055n1O+CN2IfBARPuyUS51yIrLzmFPe75QPLBQJ2LRpU9V5
qFh8VbW9tUAVIcdiD4RJNPcB+6eqfT4KGVjxv0AS7r0f5Uvh66hz+y2MEtLhdzvlo07Jo67/BHBB
YlYsojOd8mnoTvuprHBqpmxryGuoDnmHU37JTMBXLCAlVArXwOcNHIF4aQ5w2xS5TFl8r4OK0DGQ
EODzOvvuWpBtR0nhFSxk8kvUtf0hr7EVdfsw6vqnUfczQ0QbUWgUrkaWXBnhOjvA3WYygoK5egEJ
QyuAqAbVyslF7AMT+TaZVd0W/kgEq1GXRpg1tCPCdVaibl+Nr9ei7meCiF6GJp7Cj5lpHfXafKvJ
s6C7xmExoIWW0aC5ZSXR88zjCtQlk45F4YsquIscL0UO6CsRLVfuM3QTdR9FHzSuKb0UO2onvr7M
Kc9e4IIyoyl0AbqpPnnJGd5Xv9mmva7g9eg9r7hUBV0q+t6Uh2WTx8/4/27Duqj3NzNC0uubBvT2
qbqUte+k3SeDhGejDgHq1BHUsTjooK4fxWttQC7oGxFd7pQX4vMvQTIrL4exoR/H16sWuFVURGXX
raP17PU49kmLuXAUc+LB7QozmUfxfVOQfArfr6EVNob1mDaQ0DZ8XIvfbSAJFbGOFPzU415pxHY2
Y73r+B+j7H3exjT7ZBCtIVoo/HG8L0lMUm1BnQfkgMv7RURPccp78Pnv8QYmlbB7GXSnGVtstB1b
QOTDrQcvQVeKPYHPyyweU4L5Qd4me6yxUWtS+z39dwmvX2PERwTDv1vF/6yxeE2SsaxtBstvyqfP
ylhX3sYJjXDS7pNBwhiztFuoU8sSuvYx7Kvf4+v3ICf0nIje4pQn4/ObUKiSwggKzTXMBbxsARER
tx7Gfb5Xx0LuxZSmLKY4k66MHbRo8swC44pKaDMriB5L+PuG9r0hnzqEVRR99nC9j+UIWl2ozW0k
zGLKfTJouIy5TNdgu0cSHkhuwudPRk7oKREpVr0Yn6ud9J9KoRNV3dSCq7vw9evBXYi1kNAE/9mh
CfxOFb8XlQByLP5E7gy3RKoGIgLIzvS5Hxm0tbal1SeDhLNRZwB16EZIZ0vXp5ADADlhWS+J6CXQ
Te1BvuK2FBqo/NgD4AZD1WLHKxdonGitYaQ3KVopQaVYb7BGuEWSyxgR2aCTcp8MEq5EnSGCPQDp
ZNvYBm5s+DnIDT0jokvAnd2qQ7qHuSl35NfMKnr6AiWjPPajPqpX8LNxJIepiNdva485y+9nxRpo
W1hL7ZT7ZFDwdGYN/TqGzNjGiurgzsZd0isiWsviGqqRt6XcqbvB3Yd2AuvghYaiQZkqaAWtR/ds
Atxpcxv3pYTK1WTWQkv7Py/w2EvBwgpJm7D4xIXe5jzWtZlynwwKXo+6Aqg7u1P+v9uYsTAO7uLm
VInoInCnTfcx/zBNqD1rh5ggjQyogBR8YhVlgyVURZeNFKaOz0vMZeUos//IgzuTpG+jaIEbAOcK
Oq0pOv2uqsVT+PdoBXSBKfK0DzEVDORrIuS8do061rvAYjc51g9es3lJ90nWMcLqewh1J21QxlVA
brgobSJSjXwdez3Uo879oVPuwOfnDKh7VmUCoi/+m0Vl6TCiqbLfFZg/nmMKVjFYDdN4zRlw93bp
lsI4KnYV5i78m9RiVXW0wvLgLvSjdTwNLbbSxv/ehp+3PQiXt0Ffz1OBuUsVZjR3aQxJo8L6jf6/
4WNJJdkng+CWURqdO1B3egHOBa8LayyEDV6pVZrr+tC5apOdSiV7PnR3Aiuh+emAEdEk2K/BaXiQ
/JjF72wCq7T+ZsLiu7SEIMhtWmv5v36DVw2CZwXD9GNafZJljIO7W/5m1J1eYx1yxfa0LKKXQ3dd
gkqcdLSHFpGC2my3B5+/CgQCgQmkG3sgoRQdISyio8gNy5ErUnHNlKl1IT6/zym/gORWadrgHuae
vcApzxSZmxdXKUpXLOo+eSbqBrll9/Twv5chJ9yHry8M456FIaJnOOW5+Pzb2MhlPe5ocsdOAPeo
7MUONYNGMaQyzE8sJn2yePrkfHBny3oduliGnPBtfP1c5AwrDIds5ArmJl3cY9cMNH9X+cLXD4qE
pJjhbz0IpE9cnTDpSq9cs0PIDf+AXKE44+6kiejF+Kiyut3ulDcm3BA1cqkZkleijxl06KJawflh
p3wL2AzIpk2bRA0FixFqw+nzNWLoNUaQGxRHrETOuDZJ1+xkZuqq0x9/C8ms5VE+Le3voRQPZ1j+
9klO+Vdwp2Ypz4zESQSLEcoVOr3PdRhBbrgTXxeQOxIjIrWHZA0+/w4+xkmu9Ef4+G5INsUCX3Mj
ECwm/Bmke2CqDZZqHLEG3D2piRDRi9h3t8asbAndKRMo8dcozN94OJHAfwsECxFKNylB4cN9dM1A
44glyB2BsI0Rke+p9qz8KKbFYkrTSYvJ/FawqkV1P3fK25zyJ+DO4AkEix2noU4oqODweX22jn6E
XHEKzI1bxSKi1ayRP3PK/RErt9nDDVNWEKVCDYJaG/EAdJf2q6NM/kZkUCD4w5YOyo74A6ec22ci
uh+54hTkjtXMUovsmqml+3R2kdonFOUEgIoHCe0KQUIKj0P3TCZFRH8LctyMQABIPApHwU2/208c
ATdH2Zlgsf3HhoieB+7Cxe0RKvUsMC8oU5W9COIls5pYoILFZwKpyGygwAt/io9qgP4p9H6hsQnE
FcuQQ2ITEUW9VZLsOyNU6FKP97dCvHiTQhMG+4RUL+RFtwSWUBtcabvTvdDNCzScgXrdCW5i/cCZ
syAiUg2i3fYqNvObCBU6xfCe2o/yb+hqxUVjgQlWTohIEHLQorQ4Ki6zD/o/jQ/IFQ/g83VB5BhU
YTWNTmt+fgLu7ncbrPL57D/BPSlSiEisIUF0qPgLndRBMdyhDNRrD3IGIIeMBlk8fngauEcGhd1E
9waP91VMSE3F70+owZ2MdHxSkFiQIAz4UdI/z1jdFGe8BjlEccnvolpEyvek1ZJhLRivjYcqpqNm
yw6LDAkRCWLjHDYg3wPZiA+BxhlLISBtTxAR0TZ+tQF1JqQyrfFxpR4X+fF0y4SIBLZYAu7U+K+g
u4hwaYbqNwPu5vVnxHHN6MdqWnBnQqP6oM1yVVibTO1qg5vYPU7b4hwVlAQo+b16LHkMIHQMs6zf
yoYcrWYDvpoto+yIWcFO5I7T4hDR8eAGqtUs10MJEFELsn9gHx21XAa7wLH6TpWR7ERIRbX9v+kQ
1xwPIcx0ckXB4nuU1F9dexLmH+dsQpTFderatifa5sBNos8xGkLWwtZxKANypK7LT3J5jdaOy7Ho
CAqJvB28DzL1ikF5red7CLnjNOQSxSkHw7pmKs0GpRXYAfYxHb9zsLI8ktLRMTMoEFFmr4rgf5SO
iVzi/F8c5PD/pyB8xgLVzm1g3jfYa5QjWOULTY7C4LNINjquQ4KdTfC/DiN3AHLJk/x8TC+cCu6U
246E3LJWRgloGypk0eBGTsD8TACTPqSaB/OZY1lCAdust7cD5uwHkx7WRdWCjEZDWDfqe2Mhvu8n
b2HINeie8vqNZkSOlBv3yRBtpNNMJizaSEcr2VxzLOC7O5gcnBqFiNYwf/NXIV0NL2TNLav4WAST
PjdE3ay1Pu5PEewO5Rs3CGczxHe9SjPg/phG2yYjjY4HQbQ9yKgUcM8nITh960QId49bdUUfYggD
vzYC1t+LkPslRwct3a0a+J/9Bh7EORlAhOst7hdxx3LwnsDyJaLTUaiV3/mbhIhoUIKcNudrkXC2
E1KEXrpjOYOlOh7w27bPd6oQfG58I4AgowT6ywFyGNbl7Hgoax2iLZxNW45IsdVu9z0BpBFVDzoe
smB7ttxvkEOGwCeDpB8RncFY94FFRESdEK6B33ezOA1fMdyfDtgnm297CHUe7DJt1hNuTzHm52EU
MmtypBSbUn+ohYI3pKgPtgRlwgPMcjsjqkUEyLRhAliDvkUhTCeDz0iZs7ASeom8RzynFnKAqEew
TnhfdRKI6QS5ZVGvaZLfesQBNG05OhHcfNAPQjfY7NdXcaxom8HIC7PMWotlET0M4faYhWXXrKEZ
oU2tASDlSkJWitcSDFtXqJFQX5Ut7lsUi6hoWd9+y5Hay0kbynchQTQTtgwLBiIKax3uATcpWmiL
SK0vogi3Wq25LyGLKGtEVIP5gd4oM3vtFEaiJJHzsFgaEe9JHIFvRoiFBP1Xy4NQcyGvqyte25JQ
+iFHair8JHx+fwBpRj1QQr+feyMMXPuQQwA5ZTgMEa0Ed85fLUo6CoJBtvTKPtZNFLRiCHzTo78K
IYhbd8v8AuFhlLAU01rspRypVdXHMdfMj4iKEQdFvT+ixKGOgrsY+knILdZEpPxPOrr2d8IzkUey
rLhmhYSJqB1D6TsJWEVlD8uuFdMtKfeZiMLIEa31AmZxqD64OQHLkO6lfj+/GLFdxCEnILdYE9Eq
RkS7E3YRBL1HMaTgRx25bYm3ETOWUdAsrLbPdW0tLd1qiOq29gonM4uD1/NLMfvWz4reG7GuuxkR
rYpqEYUlonZKREQnwoYti303e96n36MSUTvg/2zcs6jKoo/uTYvr2szolSzJMitYjY9qapzPat/s
074wrm+S6+B2R7WITmSfPSwGxcATkReORSwzMQcbr4WDNgrgF8fxmtErhFS8zgAQUY4R0SOG+2qC
7WETZe0+3h2zrg8zvjES0bCFMIUloraP8OdjjMITKGhly1gEnRqbVNqRktauyoC4mvk+KYiNVVTy
II2GpZtpcp8aBgvIZuEjr3ctxf5JSo44Ee0xENGQRzurEazDb8HcTJBRichTPryIaBVrUFi/sJOS
a0ajnypTASOnIqGxhARmUAhn0NAA86bOMnhvH/Bzy/h7ZcPvCuAdnE/TLUtLjsiyeBTmp9ZQeqsC
xPom05dA8GGHRW2gV4bDD2LWdS8jx1AxohWMbQ/0OH5gax35IeqIRjlhjiHZVRcACeV8LJKhFIqt
Beo1e+aXRsaGMMLOyJnILe5WpF7I0UpGRKZNr/d4/O4dMVzfqDjAyHJFEBFRMvuXgXsW2aEIRJSm
RRQkxEHC6IfNGPuoeJDrJJa1YE7nIAiPsEHrILeMZCPMNH45YWuoV3K0kumtiYjuDUnIpJ9lrS+T
IiJKGXspcgznnDmu2WudssEpL2XvPQYeGdUC3CIvFBIU4rYPSYWZdi3gqJX3cAXD7sXKGuJOtaeJ
ukfMomSwanXLpRHg9hUM9zln6I9iQorXazlazpTZFJzeg0SvE/BzwDtWa1pHlcQShoPIJQrqjLOv
OuXrwA7k4BbRvyAJqcDUrYyIHhtAIgpjQpty87QxxjQBkp85bZJsechJ3mckj2oRFw33v5iAG9IP
OVrOrA0/QjZhvaV1mNSCTs4jtyLHvBQ5Zx4RqeTbb8eAFk3XPc5MqrjCFeT/9wOm3Dyq/uOQzWyS
SRJ2VlZ9NyxdCBu3jA+GHYtrJhWk7occHW9JRDb9QO/ltd8mRZ6HwD25527kmLcj58wjonehf6tW
ap7EiCjK0T9+o1VWFhhWPJRxErJpBeUSJqKskJHNRk2b2TKwGM2LPgrZikga/ZKjZUzJ/YwCU/+u
MxgEae6z4zxyEnLMZuSceUS039DIwxFcs0EhopLHjatDNhGHiJLKAZSWxdbyuD85jziOjeXSCrDI
9b1U9QGTo2XM7YlrceYNpJzksV+PgRtQX2biHE5E/GC2EXw8giUKEe31IaJ+j8ReuXOimtG9UOg4
M47NPtY7jlVUNChNI2abTdeMupK6n3I0bElETQv3LO2sA5xHRkycsySgkUchegqQG0KOIr0moiSR
pJWXhjnfyuh9CCINsoqKEYjIK6BN1ypbxFKyLEfHMa8lipvKA/V8qcGeFIiI80iofERL2AWi4osB
fvVoHy2EJFFOuC5puFF+WRHLGehDr/gMnYqaCyCXMARXhPkbQBsDKEc0a3Yoxv0vGv43raOwjvpx
TppEtDeARK4FuxMze2GFRFX2HCR/yGAnhfb6ZRqMu/WApq7jkrHXKutqDJfBq81Vy77JshzdhY8X
OeXpEYm+bLCKv5AlIqIFUkMJVMArjcgbwX43sK1vHtf9yYVU+KkA8zyKcvotfYhjvdR8+nIq4jXp
UEE6mTQObHJZNyP0ZSfgmvUBlaNXO+UW6G5G/YZTLggwHhqW9dyTEhENadxiRURHAz4Pg2t9Prsu
4khfjVmnto8Qbbbw/fWTUr1ObIhClk0fqyjoCGMihILHdRsBv7MlTiKvKfabQkzrsAX+8bGolks9
5udZlSOVHvZip3zcKWc6ZYtT3omu2tGE25kEfL0sL6I5zD6PaxX9CvwP75sOIcA5CN55H1dA8+Ce
654zWACb8XMSDjoRM+dhMUQhWr+jZUxnzhexXtMB1onfCl/1u1nwPrmVdpCr/p8xfGcS4qfPaET8
LIqFSdfsDLAcqZmoK5zyNtTZT0P3bPsjBoVX7bzJpx0/T5GEhhjXHA5DRLT4aBi8U4WEHeXHA0b6
WbxpLzCQXwk/m4XkZnrqAaY11YknBJti7hGtnA0aaabxWmGso1oAGVe1ek2zetG2Aq/40/oA5SOy
MSVDM5EU9UMtITlJmojSuGbW5OgzTrnQKTudcgl0V12bFiL7EdHWFImI88jjYYjoMXaBkYQq00QF
aQbctO8hm+s3zuSOxdn1bqOUfqPsWAhXoaKZ4DYm/0SMPm5b1D2JrQdKkddCcsFeL7e0FaO+XjNt
7YSIKCtypOJEL3bKd/G1qtP5hu8c8+iL7SkS0QgErHvyIqJDKRARNVix/7tiXEMx6ga0mmoQfGZ7
koLQQYLQlT2NBZp1sD8Kmuo1bqkQcTdjNvC/oipgWFcnLmE0U46ZZEWOVOqPl0N3Z/vTnPI1bUDr
gHmBctrxI05Eh7xMJhNoI51ajn1cChXbgo9XsDr4TSMr8lGrMP/LKW/R/MwmKsQUhD/ml5MjZaar
GoSmFjCCtiGZGUaTAg5h3xQNI2EdvA8XtFX6Omt7Aby3LNQs3MYkMAnJ53eq9aDeWZEjtWzmlU75
iFOudMr1TjkbZeiQR+xIycAbU+yb48Dd2nEgChGNwNy9IUnj9+Ce2U2Ccj12yrn4XCVR2o8BuRsD
FDbuqNnsgcBmUZGakPxamsWKLMjRYSQeleJV7XB4j1P+GLo73o8YBqO0j01axjyrUES0n13g+B53
omJtlX3uVow/qGi+CsB9X2RcIAgFNXDf55TP4YB+q0GfezGtfzwzaPaHiRHtYyZVr4kohwS5Fl24
84WEBILI+D7q0BZw09NyEupFypvjwQ3x7AtDRI+yC6zoUYeNoDlLvuonobt8/UGRJYEgFpQOXQrz
A8U39+j/VzCD5tEwRLSXfX5iDyr6FOiucbgSCekT6NceFhkSCBLBh2H+xNNlqHtpgx/YujcMEfHg
1WiKFVTsqIJoKrj3KnAXZP2zyI1AkBjUTKi+T/G3qHNN1MFHU/z/UQ9usXLNaOHT6hQqRgsV3wDd
RVZq455aiPXXTvm8yI1AEIg8zF30m/P5np7aQ8WG/gJ1jjbNvoFdK2msZnofyjVTX6bo9ikpVOwI
VkqtdzgduuuD1O7hX0I663EEgsVg9eigvZk5zSJ5H+raBah7p6MuHoNoGVmDQByyPywR7WE/SJqI
ToZuDGgJNvr9TnkTI75jIlMCQWioBZR8watyxfimWoJaLDrLiOFNqINHUCc/gTqaBhE9Ch5pRrzW
ET3EiOHUBCv0bOiuaXgeEo46/vYGkSGBIDaU1ROUE6oB5nVDH0WdVy7cxejOqVjtXQnV7VRGfA8F
WUS04lGtaFbpBM5iFkwcd4lMvdehL6pI6Gf4WkhIEMUFUYNYRboiFNRWIL+9izegTv4MdfQb+Bpi
umtDzMI6C7nlXI1z5hDRedBNJ6Aq/GZwj5pWZtUJMSvyj9Bd5akqpLLK/blTvpyBm0PpLgoxFEJP
65BVFNAknxpgZcrhqD0J/mfZ8/QoQlhuGp4gfBl18xbU1RtRd+MYIicw1+wgcksLueY8ExF9DLob
SmkKnXKXqIj3qggVoLwjH4Tu4kTaLX8x81H7CToYbxKi7Xpu4AhDe7QoMVkuowqsCGgio/ULc8/8
ThIGcLMWUOoQygdUWqQkNAn2WRkA++pi1NUh1N0PajodBqvAnTW7CbllJ3LNx0xEpIJIH0GzTE2h
34fvnxRReM/Ex6eib3gJdsqRjChmBdyMeFE3/VE6UCX4Y+Amks+iAqeRJL4fblkTrbt2wH3p4P0d
RUKySd06SKD2tT0sIGp7lM23R/D3l6DuPlXT6bC6RidH34fc8jzkmicC1zxYrXbm/g97vQsf1fLs
05zykxB/rqYCr8fnKrPfpZBuBrgnsGHDBt/PN23aROY7JcyqQLSNf3QkTUPzwbexaxLZZUGBaxYK
nGXQwZwtfN70cc1y7HPKgDiD92MiA22pQMiz5XW5duSY0oqkucv/81jH/4DuPrX/Rp74vxDXOA3c
bWK72D35AHLKF3SLaJd2gfvRz1bm2ZoQf/xe6O5hOQO6EfI394qELEFHqNCCMDodoxBBMUBTiBYb
scsocP08TTXHLIHNzFobxLhJgfV30WfwKBjuC73OZaQd1QFyFbeiDj+EOn0z6rgt1iCHHENOARPn
cCLSMzHuBDdg/VSLP1T7Sf7dKVehpaWSeKvUlbdnrGNbLDZUw5FpEsKnIs17CDydNZ9jZNALi6fg
Yb7T41pwU9DWmLVaDdHecsS6eeVaDnOmWh7bUQhwMQsecaQ8JJMeNy4G0T28HXX5s6jbV6Gu2+xD
Je44iJwCJs7xOy5I7UV5xJKIlJB/BdzZtgkMRt2VwU5ts7hQyWDa0qzLbIA1U2Cko1tKDSb0XjNq
BSSCWawPWS05g7JWGalNY/1KTLCnwHsWqYP1LGtWRJ6RsKle+hT5dIRRnBLxm1zCMoQ7VKCAfVoC
/9SxJsKh02JrHn3P6zQL5uUBJrnYbKh/Ed1zHq86xu4h5eWuegwC22DuzGY+IxbsXajTE+DOfn0F
dd+GiB5BTjHCj4geYaaTyn+71PAdlVbgfKd8E7p7VxTjvRr6f4aSzYhUNcQLSDkon3PV5xo5w8g8
hW1vshhUyyCwRCiU6pWIsagJIbl4k4wMAOYeO8NdxIpGUlRXOpCypilIydAuqtcoUwC6RhN/M2th
SZELUsP6bvMg8hb+56yBhOncr2Osz/M+RFTA77QMFtm4T9/Tvd+M74/B/FXKJrmgQUA/snmCyVgR
Y4f82OwOtqGikUzeQNpTGXOl66jjO1Hnv4kcYMpFvRS5g9ywR6IQkVpsRDNnZ8H8Xfj78P0t6Acq
8+0vIZuzRl4d2jSM4HUW68kFxCHa7PU0zE0RWsbndYOLVmXuQ5NZVrQ+psi+N8muR2SSZ9ctMIun
gAJusjLWG9qgK/RmvFaNWVL6aaAV/DzoRJIquLM3pgkBCjhPs/tQNJBiB2MMba3dfoNMB/+TDpsc
Y5arqe+pXW2sb0EjMy+5WA9zT+CtMGs4z35XZPeR3pvwiTs22P3IIqZR129H3d+CXKAnPRsFd2H0
feCRJjaIiBTuxceTMVBFWIGvVX6T5dBdnKRSUe4YAAJqa/ETwjE26gP4T+vnNTO8BHPPpioaLKYW
+6zM4h01ds0i1q/ErJUGG9npswlttM7htdYb2mZqL8Vm2hpxmMipw+IuFY//KBlG9iK4M3Ulw//n
8f0W64OOgRTHtftR1/7Xy9rN4W8nDTErU9/ze19nv5vxkQuyesuMkGpa3QqM2Ok7TcP9ybF73GLk
1sioHu1Anf8McsBxyAk8keIZ4K6qvtfvYkFEdA8+LmfMphjwf6G7KlKdCHA5dBPbHxgQS6jDRleu
GJMaYZQgeN1NDUdbU5xlvSa4JIhTTNhrmglOFlQJ5k/9kzJMaMpK150wBEOLjHTyrD5VTfGLzK1p
a5YWd0VrWoyNrqdbPAXWl1WYewZ9nikpHauT065ZYURGI3Ae5h+9U/G5xyXD59QOve9nNFLgpJUP
kIs6c9HqWjvbKAdtNmi0NZewze4/WWJ0ospExnXpAOr+5cgF5yE3rGGe1HKNSyIR0S/A3Q3/Quiu
D7rNKS/BgJU6n+waGDw0mRlc0UzxIovNeK3RyGnCaSKojhYTIFdjnL3mcZAJTUjb2vXbTMEpzkGk
wIPjnEgq4J76WmJ1GGN1IIUdZ5YCTfvXNFLilksO5q7Y7mhEQMrVYG3Ks/eAkVdHsxiKrC3TzBLi
ZDplcDfpvqwFdx3XMRYYbnv0PZ0vVtRIvswsMi+5aLJr1rT7lWN1IotzXOujjubW5w1Wb9ZxDXLB
QeSG25ArXsi8jV/EISI1UvwOn78VuntQVPDpO3hjroPBxCQKAK0joq0aTXBPlR1P6L8aTCknmCtC
SkIk0NIEu2aoM619moK5q2p1xSDFo60Ok/har0NVUzaq1zZ83mLKVNfaREpsWvpAsSE6N62Bij3F
4iptrd4NFtMZ1+JH6xkRVVn92h7WEPXfKIv5VBiJmPqevncMr99m9QiSC9PZcpSYfhb1qK0RJwWs
t+FjzcPCLkL6x/0kgeuwrt9BjrgFOQOQQ2b8fjy0ceNGsnjGDa6IOgLkDqesY+/dgb7hXovKDWE5
2qvesFxZHRekwKN9vvk0eqZ9hlYVkl0hXooY/yhpMRdTPUsQPKU8CMhxl9SR67EU5NgWS8A+e6Pa
W6ZOmH0Re287vtaPmy5iG+dYRKbpefXDH2qj1lstSWghYzIDJAQGqyLN9iaJRsQgbINZs171XCgk
RJZSE7KxENMWe5Ej+P39IZjPvH+Cc4bBnW7f7XHhu/FRraRUiczC7MBNKweuQLCQMQ3uxMUM9H9d
XliP5qdO+TskpbcwDtGxm/hHEdEFARdVx9aqDWofEfkQCFIHrb+imFhWtqaExeNoGe1ADjFhO/HP
sMUFVfBpq8iHQNAT8NgjrSsa5PQtyoAJTKy2xOJC4loJBL0B39BLSxnqC6BdgRyyRO69QJAp0Bqn
KejdZETfIUQkEGQHtAKdLIj1i6Xhw4vtTgetMxII+ozxxdhosYgEAoEQkUAgEAgRCQQCISKBQCAQ
IhIIBEJEAoFAIEQkEAiEiAQCgUCISCAQCBEJBAKBEJFAIBhoIhqS7hMIBElwQhwiEmtKIBAkwglx
yGRY+l0gECTBCWLVCASCwTWlBAKBIAtEJLmsBQJBIpzw/wIMAH0gk1/veCkHAAAAAElFTkSuQmCC

    </companyLogo>
    <companyname>
      Gateway to Prevention and Recovery Agency
      1010 East 45th Street, Shawnee, OK  74804
      Office: 405-273-1170  Fax: 405-275-5132
      
    </companyname> 
    <reportInfo></reportInfo> 
    <footerLeft>Bruce Monroe / 2761</footerLeft> 
    <footerRight></footerRight> 
    <agencyname>Gateway to Prevention and Recovery Agency</agencyname> 
    <agencyaddr>1010 East 45th Street, Shawnee, OK  74804</agencyaddr> 
    <agencyphonefax>Office: 405-273-1170  Fax: 405-275-5132</agencyphonefax> 
    <primaryprovider>Benjamin Allred</primaryprovider> 
    <clinician>Benjamin Allred</clinician> 
    <today>08/12/2016</today> 
    <clientid>2761</clientid> 
    <clientname>Bruce Monroe</clientname> 
    <clientnameid>Bruce Monroe / 2761</clientnameid> 
    <addr1>20201 Dunn Rd</addr1> 
    <addr2>Newalla, OK  74857</addr2> 
    <csz></csz> 
    <sex>M</sex> 
    <sex_F>M</sex_F> 
    <sex_M>M</sex_M> 
    <clientdob>07/23/1957</clientdob> 
    <age>59</age> 
    <insurance>BCBS Blue Choice</insurance> 
    <nameoncard>Bruce Monroe</nameoncard> 
    <medid>R50510154</medid> 
    <allergies></allergies>

</topmostSubform>
</xfa:data>
</xfa:datasets>
<pdf href="http://www.okmis.com/forms/printing/PrintPharmacyEnroll_Rev2.pdf" xmlns="http://ns.adobe.com/xdp/pdf/" />
</xdp:xdp>
