<?xml version="1.0" encoding="UTF-8" ?> 
<?xfa generator="XFA2_0" APIVersion="2.2.4333.0" ?>
<xdp:xdp xmlns:xdp="http://ns.adobe.com/xdp/" >
<xfa:datasets xmlns:xfa="http://www.xfa.org/schema/xfa-data/1.0/" >
<xfa:data>
<topmostSubform>

  <Record>
    <Agency></Agency> 
    <clientname>Chad Ackart</clientname> 
    <addr1>1000 S Choctaw Ave</addr1> 
    <addr2>Claremore, OK  74017</addr2> 
    <csz></csz> 
    <ChangeDate>2017-10-24 16:57:49</ChangeDate>
    <ChangeProvID>178</ChangeProvID>
    <CreateDate>2017-04-25</CreateDate>
    <CreateProvID>242</CreateProvID>
    <D10D>10</D10D>
    <D10R>3</D10R>
    <D10Y>20</D10Y>
    <D11D>00</D11D>
    <D11R></D11R>
    <D11Y>00</D11Y>
    <D12D>00</D12D>
    <D12R></D12R>
    <D12Y>00</D12Y>
    <D13D>00</D13D>
    <D13R></D13R>
    <D13Y>00</D13Y>
    <D14>16</D14>
    <D15>00</D15>
    <D16>NN</D16>
    <D17>0</D17>
    <D18>0</D18>
    <D19>00</D19>
    <D1D>02</D1D>
    <D1R>1</D1R>
    <D1Y>17</D1Y>
    <D20>00</D20>
    <D21>NN</D21>
    <D22>NN</D22>
    <D23>30</D23>
    <D24>200</D24>
    <D25>00</D25>
    <D26>0</D26>
    <D27>07</D27>
    <D28>0</D28>
    <D29>2</D29>
    <D2D>00</D2D>
    <D2R>1</D2R>
    <D2Y>00</D2Y>
    <D30>0</D30>
    <D31>3</D31>
    <D32>4</D32>
    <D33>7</D33>
    <D34>0</D34>
    <D35>0</D35>
    <D3D>00</D3D>
    <D3R></D3R>
    <D3Y>00</D3Y>
    <D4D>00</D4D>
    <D4R></D4R>
    <D4Y>00</D4Y>
    <D5D>00</D5D>
    <D5R>1</D5R>
    <D5Y>11</D5Y>
    <D6D>00</D6D>
    <D6R></D6R>
    <D6Y>00</D6Y>
    <D7D>00</D7D>
    <D7R></D7R>
    <D7Y>00</D7Y>
    <D8D>00</D8D>
    <D8R></D8R>
    <D8Y>00</D8Y>
    <D9D>00</D9D>
    <D9R>3</D9R>
    <D9Y>05</D9Y>
    <DCOM>D1. AFU=16.  Reports drinking once every 3-6 months.  Reports no drinking to intoxication.  Reports drinking approximately 2 drinks per drinking occasion.  Last reported use three weeks ago. D5. AFU=22.  Reports taking Lortab once every six months.  Reports no heavy use; last reported use two months ago. D9. AFU=28.  Reports smoking methamphetamine once every 2-3 weeks; last reported use on October 2016. D10. AFU=13.  Reports smoking marijuana once a month initially.  Reports smoking marijuana daily from age 21; last reported use 2 weeks ago.   </DCOM>
    <E10>1</E10>
    <E11>22</E11>
    <E12>1200</E12>
    <E13>0</E13>
    <E14>0</E14>
    <E15>0</E15>
    <E16>0</E16>
    <E17>0</E17>
    <E18>1</E18>
    <E19>00</E19>
    <E1M>00</E1M>
    <E1Y>09</E1Y>
    <E2>00</E2>
    <E20>0</E20>
    <E21>0</E21>
    <E22>3</E22>
    <E23>0</E23>
    <E24>0</E24>
    <E3>1</E3>
    <E3T>electrician, HVAC worker</E3T>
    <E4>1</E4>
    <E5>1</E5>
    <E6M>00</E6M>
    <E6Y>04</E6Y>
    <E7>4</E7>
    <E7T>assistant manager.</E7T>
    <E8>0</E8>
    <E9>0</E9>
    <ECOM>E1. Completed 9th grade at Owasso High School. E3. Reports he was trained as electrician and HVAC worker by his fiance&#x27;s father.  Currently assistant manager at Billy Sim&#x27;s BBQ. E6. Worked as an HVAC installer for Energy Management. E7.  Assistant manager at Billy Sims BBQ. E19. Supporting himself and his fiance.  Reports his fiance is also employed.   </ECOM>
    <F1>6</F1>
    <F10>2</F10>
    <F11>2</F11>
    <F12>0</F12>
    <F13>0</F13>
    <F14>0</F14>
    <F15>1</F15>
    <F16>1</F16>
    <F17>1</F17>
    <F18D>0</F18D>
    <F18L>0</F18L>
    <F19D>0</F19D>
    <F19L>0</F19L>
    <F20D>0</F20D>
    <F20L>0</F20L>
    <F21D>0</F21D>
    <F21L>1</F21L>
    <F22D>0</F22D>
    <F22L>0</F22L>
    <F23D>0</F23D>
    <F23L>0</F23L>
    <F23T></F23T>
    <F24D>0</F24D>
    <F24L>0</F24L>
    <F25D>0</F25D>
    <F25L>0</F25L>
    <F26D>0</F26D>
    <F26L>0</F26L>
    <F27D>0</F27D>
    <F27L>0</F27L>
    <F28D>0</F28D>
    <F28L>1</F28L>
    <F29D>0</F29D>
    <F29L>0</F29L>
    <F2M>00</F2M>
    <F2Y>15</F2Y>
    <F3>2</F3>
    <F30>00</F30>
    <F31>00</F31>
    <F32>0</F32>
    <F33>0</F33>
    <F34>0</F34>
    <F35>0</F35>
    <F36>7</F36>
    <F37>0</F37>
    <F38>0</F38>
    <F4>2</F4>
    <F5M>00</F5M>
    <F5Y>03</F5Y>
    <F6>2</F6>
    <F7>0</F7>
    <F8>0</F8>
    <F9>1</F9>
    <FCOM>H1. Reports grandmother was alcoholic (deceased). H2. Reports grandfather was alcoholic (deceased). H3 Reports mother was alcoholic (deceased). H10. Reports uncle was alcoholic and substance abuser (deceased). H11. Reports one older brother had substance abuse issues.  Reports both older brothers have done prison time and his younger brother is currently in prison.  Reports one older brother convicted of murder. F3. Reports good relationship with his fiance. F9. Spends free time with fiance. F10.  Has two close friends including fiance. F16. Reports one six year old son (Deacon) who lives with his mother.  Reports limited contact with Deacon. F21. Reports having serious problems with his son&#x27;s mother due to his substance abuse. F28. Reports being physically abused by his mother as a child. </FCOM>
    <FormID>2744891_1</FormID>
    <G1>7780</G1>
    <G10>M</G10>
    <G11>178</G11>
    <G12>N</G12>
    <G13></G13>
    <G14M>03</G14M>
    <G14Y>00</G14Y>
    <G15>0</G15>
    <G16>120183</G16>
    <G17>2106-3</G17>
    <G18>0000</G18>
    <G19>1</G19>
    <G19T></G19T>
    <G2>3502</G2>
    <G20>00</G20>
    <G21></G21>
    <G21T></G21T>
    <G22></G22>
    <G22T></G22T>
    <G23></G23>
    <G23T></G23T>
    <G24></G24>
    <G24T></G24T>
    <G25></G25>
    <G25T></G25T>
    <G26></G26>
    <G26T></G26T>
    <G27></G27>
    <G27T></G27T>
    <G28></G28>
    <G28T></G28T>
    <G29></G29>
    <G29T></G29T>
    <G3></G3>
    <G4>042517</G4>
    <G5>042517</G5>
    <G6>08:45:00</G6>
    <G7>09:45:00</G7>
    <G8>1</G8>
    <G9>1</G9>
    <GCOM></GCOM>
    <H10A>1</H10A>
    <H10D>1</H10D>
    <H10P>0</H10P>
    <H11A>0</H11A>
    <H11D>2</H11D>
    <H11P>0</H11P>
    <H12A>N</H12A>
    <H12D>N</H12D>
    <H12P>N</H12P>
    <H1A>1</H1A>
    <H1D>0</H1D>
    <H1P>0</H1P>
    <H2A>1</H2A>
    <H2D>0</H2D>
    <H2P>0</H2P>
    <H3A>1</H3A>
    <H3D>0</H3D>
    <H3P>0</H3P>
    <H4A>1</H4A>
    <H4D>0</H4D>
    <H4P>0</H4P>
    <H5A>1</H5A>
    <H5D>0</H5D>
    <H5P>0</H5P>
    <H6A>0</H6A>
    <H6D>0</H6D>
    <H6P>0</H6P>
    <H7A>0</H7A>
    <H7D>0</H7D>
    <H7P>0</H7P>
    <H8A>0</H8A>
    <H8D>0</H8D>
    <H8P>0</H8P>
    <H9A>0</H9A>
    <H9D>0</H9D>
    <H9P>0</H9P>
    <HCOM></HCOM>
    <ID>12419</ID>
    <L1>1</L1>
    <L10>00</L10>
    <L11>00</L11>
    <L12>00</L12>
    <L13>00</L13>
    <L14>00</L14>
    <L15>00</L15>
    <L16>00</L16>
    <L16T></L16T>
    <L17>04</L17>
    <L18>00</L18>
    <L19>00</L19>
    <L2>1</L2>
    <L20>01</L20>
    <L21>09</L21>
    <L22>08</L22>
    <L23>05</L23>
    <L24>0</L24>
    <L25></L25>
    <L26>00</L26>
    <L27>00</L27>
    <L28>4</L28>
    <L29>3</L29>
    <L3>01</L3>
    <L30>7</L30>
    <L31>0</L31>
    <L32>0</L32>
    <L4>01</L4>
    <L5>06</L5>
    <L6>00</L6>
    <L7>00</L7>
    <L8>00</L8>
    <L9>00</L9>
    <LCOM>L1. Possession of CDS with intent (marijuana) 11/4/2016; possession of paraphernalia, 11/4/2016. L3. Reports one petit larceny charge in 2007. L4. Reports app to revoke on 2006 possession of CDS with intent and petit larceny in 2007.  Reports serving eight months in Avalon. L5. Possession of CDS with intent, 2016, possession of paraphernalia, 2016, possession of marijuana, 2006, possession of CDS (methamphetamine, 2006, possession of paraphernalia, 2006 possession of CDS (oxycodone), 2007. L20. Reports one DUS charge in 2006. L21. Reports serving eight months in Avalon and one month in jail (Tulsa, Owasso, Sand Springs).   </LCOM>
    <M1>00</M1>
    <M10>0</M10>
    <M11>0</M11>
    <M2M>NN</M2M>
    <M2Y>NN</M2Y>
    <M3>0</M3>
    <M4>0</M4>
    <M5>0</M5>
    <M6>00</M6>
    <M7>0</M7>
    <M8>0</M8>
    <M9>4</M9>
    <MCOM>Reports no current or chronic medical issues.  History of unhealthy lifestyle choices.</MCOM>
    <P1>00</P1>
    <P10D>0</P10D>
    <P10L>0</P10L>
    <P11D>0</P11D>
    <P11L>0</P11L>
    <P12>15</P12>
    <P13>2</P13>
    <P14>2</P14>
    <P15>0</P15>
    <P16>0</P16>
    <P17>0</P17>
    <P18>0</P18>
    <P19>0</P19>
    <P2>00</P2>
    <P20>0</P20>
    <P21>7</P21>
    <P22>0</P22>
    <P23>0</P23>
    <P3>0</P3>
    <P4D>0</P4D>
    <P4L>1</P4L>
    <P5D>1</P5D>
    <P5L>1</P5L>
    <P6D>0</P6D>
    <P6L>0</P6L>
    <P7D>0</P7D>
    <P7L>0</P7L>
    <P8D>0</P8D>
    <P8L>0</P8L>
    <P9D>0</P9D>
    <P9L>0</P9L>
    <PCOM>P4. Reports serious depression when his mother passed in 1999. P5. Reports serious anxiety symptoms.</PCOM>
    <SPAlcohol>4</SPAlcohol>
    <SPDrugs>7</SPDrugs>
    <SPEmpSup>3</SPEmpSup>
    <SPFamily>7</SPFamily>
    <SPLegal>7</SPLegal>
    <SPMedical>4</SPMedical>
    <SPPsych>7</SPPsych>

  </Record>

</topmostSubform>
</xfa:data>
</xfa:datasets>
<pdf href="http://forms.okmis.com/printing/PrintASI_Rev2.pdf" xmlns="http://ns.adobe.com/xdp/pdf/" />
</xdp:xdp>
