<?xml version="1.0" encoding="UTF-8" ?> 
<?xfa generator="XFA2_0" APIVersion="2.2.4333.0" ?>
<xdp:xdp xmlns:xdp="http://ns.adobe.com/xdp/" >
<xfa:datasets xmlns:xfa="http://www.xfa.org/schema/xfa-data/1.0/" >
<xfa:data>
<topmostSubform>

  <Record>
    <Agency></Agency> 
    <clientname>Demi Burk</clientname> 
    <addr1>2535 E Archer St.</addr1> 
    <addr2>Tulsa, OK  74110</addr2> 
    <csz></csz> 
    <ChangeDate>2019-12-13 10:35:41</ChangeDate>
    <ChangeProvID>178</ChangeProvID>
    <CreateDate>2019-12-13</CreateDate>
    <CreateProvID>178</CreateProvID>
    <D10D>00</D10D>
    <D10R>3</D10R>
    <D10Y>10</D10Y>
    <D11D>00</D11D>
    <D11R></D11R>
    <D11Y>00</D11Y>
    <D12D>00</D12D>
    <D12R></D12R>
    <D12Y>00</D12Y>
    <D13D>00</D13D>
    <D13R>5</D13R>
    <D13Y>05</D13Y>
    <D14>16</D14>
    <D15>04</D15>
    <D16>00</D16>
    <D17>00</D17>
    <D18>03</D18>
    <D19>00</D19>
    <D1D>00</D1D>
    <D1R>1</D1R>
    <D1Y>17</D1Y>
    <D20>06</D20>
    <D21>NN</D21>
    <D22>00</D22>
    <D23>0</D23>
    <D24>0</D24>
    <D25>01</D25>
    <D26>00</D26>
    <D27>00</D27>
    <D28>0</D28>
    <D29>0</D29>
    <D2D>00</D2D>
    <D2R>1</D2R>
    <D2Y>03</D2Y>
    <D30>0</D30>
    <D31>1</D31>
    <D32>4</D32>
    <D33>7</D33>
    <D34>0</D34>
    <D35>0</D35>
    <D3D>00</D3D>
    <D3R>5</D3R>
    <D3Y>05</D3Y>
    <D4D>00</D4D>
    <D4R></D4R>
    <D4Y>00</D4Y>
    <D5D>00</D5D>
    <D5R>5</D5R>
    <D5Y>09</D5Y>
    <D6D>00</D6D>
    <D6R></D6R>
    <D6Y>00</D6Y>
    <D7D>00</D7D>
    <D7R></D7R>
    <D7Y>00</D7Y>
    <D8D>00</D8D>
    <D8R></D8R>
    <D8Y>00</D8Y>
    <D9D>00</D9D>
    <D9R>5</D9R>
    <D9Y>09</D9Y>
    <DCOM>D1. AFU=10.  Reported drinking alcohol daily to intoxication at age 15.  Reported drinking dropped off at age 18 when she started using other substances.  Reported drinking once every other month since that time.  LRU=2/11/19. D3. AFU=22.  Reported using heroin daily at various periods in her life; LRU=4/2/19. D5. AFU=18.  Reported using opioids daily from 2010-2015 (oxycontin, dilaudid, roxycodone, morphine, hydrocodone).  LRU=4/2/19. D9. AFU=18. Reported using methamphetamine at 5-7 times per week.  LRU=4/2/19. D10. AFU=16. Reported using marijuana socially every other week.  LRU=12/15/18. D18. Overdosed 3 times in lifetime, used Narcan to revive, most recently in January 2019. D13. Methamphetamine and heroin from 2010-2015. D20. Reported goin to inpatinet treatment six times in lifetime (12&#38;12, Solid Landing, Holllywood Boulevard treatment center, Monarch, Talahina Choctaw treatment center), most recently to Monarch in November 2017 to January 2018. D25. Has attended NA once in past 30 days.  </DCOM>
    <E10>2</E10>
    <E11>22</E11>
    <E12>500</E12>
    <E13>0</E13>
    <E14>162</E14>
    <E15>0</E15>
    <E16>0</E16>
    <E17>0</E17>
    <E18>0</E18>
    <E19>00</E19>
    <E1M>00</E1M>
    <E1Y>12</E1Y>
    <E2>00</E2>
    <E20>0</E20>
    <E21>0</E21>
    <E22>2</E22>
    <E23>0</E23>
    <E24>0</E24>
    <E3>1</E3>
    <E3T>cashier/waitress</E3T>
    <E4>1</E4>
    <E5>1</E5>
    <E6M>00</E6M>
    <E6Y>01</E6Y>
    <E7>6</E7>
    <E7T>cashier/waitress.</E7T>
    <E8>0</E8>
    <E9>0</E9>
    <ECOM>E1. Graduated Tahlequah HS.  E3. Cashier/waitress at Torchie&#x27;s Tacos in Brookside. E6. Worked as general manager at Pizza Port in Wagoner, last worked there in September 2008. E14. SNAP benefits. E18. 6 y.o. son, lives with client&#x27;s father and step mother.  </ECOM>
    <F1>6</F1>
    <F10>0</F10>
    <F11>0</F11>
    <F12>1</F12>
    <F13>1</F13>
    <F14>N</F14>
    <F15>0</F15>
    <F16>1</F16>
    <F17>1</F17>
    <F18D>0</F18D>
    <F18L>1</F18L>
    <F19D>0</F19D>
    <F19L>0</F19L>
    <F20D>0</F20D>
    <F20L>0</F20L>
    <F21D>0</F21D>
    <F21L>1</F21L>
    <F22D>0</F22D>
    <F22L>0</F22L>
    <F23D>0</F23D>
    <F23L>0</F23L>
    <F23T></F23T>
    <F24D>0</F24D>
    <F24L>0</F24L>
    <F25D>0</F25D>
    <F25L>0</F25L>
    <F26D>0</F26D>
    <F26L>0</F26L>
    <F27D>0</F27D>
    <F27L>1</F27L>
    <F28D>0</F28D>
    <F28L>1</F28L>
    <F29D>0</F29D>
    <F29L>0</F29L>
    <F2M>00</F2M>
    <F2Y>09</F2Y>
    <F3>2</F3>
    <F30>00</F30>
    <F31>00</F31>
    <F32>1</F32>
    <F33>3</F33>
    <F34>1</F34>
    <F35>3</F35>
    <F36>7</F36>
    <F37>0</F37>
    <F38>0</F38>
    <F4>9</F4>
    <F5M>02</F5M>
    <F5Y>02</F5Y>
    <F6>0</F6>
    <F7>0</F7>
    <F8>0</F8>
    <F9>3</F9>
    <FCOM>H3. Mother diagnosed bipolar 1 and schizoaffective disorder. H8. Father abused alcohol and drugs, now sober. F3. Currently single. F12. Mother is currently in prison. F13. Close relationship with father. F15. Reported father of her child was physically and emotionally abusive. F18. Mother was physically abusive to client when she was a child.  </FCOM>
    <FormID>5779552_1</FormID>
    <G1>10059</G1>
    <G10>F</G10>
    <G11>178</G11>
    <G12>N</G12>
    <G13></G13>
    <G14M>04</G14M>
    <G14Y>00</G14Y>
    <G15></G15>
    <G16>021392</G16>
    <G17>2106-3</G17>
    <G18>1013</G18>
    <G19>1</G19>
    <G19T></G19T>
    <G2>2066</G2>
    <G20>00</G20>
    <G21></G21>
    <G21T></G21T>
    <G22></G22>
    <G22T></G22T>
    <G23></G23>
    <G23T></G23T>
    <G24></G24>
    <G24T></G24T>
    <G25></G25>
    <G25T></G25T>
    <G26></G26>
    <G26T></G26T>
    <G27></G27>
    <G27T></G27T>
    <G28></G28>
    <G28T></G28T>
    <G29></G29>
    <G29T></G29T>
    <G3></G3>
    <G4>121319</G4>
    <G5>121319</G5>
    <G6>10:00:00</G6>
    <G7>11:00:00</G7>
    <G8>1</G8>
    <G9>1</G9>
    <GCOM></GCOM>
    <H10A>x</H10A>
    <H10D>x</H10D>
    <H10P>x</H10P>
    <H11A>N</H11A>
    <H11D>N</H11D>
    <H11P>N</H11P>
    <H12A>N</H12A>
    <H12D>N</H12D>
    <H12P>N</H12P>
    <H1A>0</H1A>
    <H1D>0</H1D>
    <H1P>0</H1P>
    <H2A>0</H2A>
    <H2D>0</H2D>
    <H2P>0</H2P>
    <H3A>0</H3A>
    <H3D>0</H3D>
    <H3P>1</H3P>
    <H4A>1</H4A>
    <H4D>1</H4D>
    <H4P>0</H4P>
    <H5A>1</H5A>
    <H5D>1</H5D>
    <H5P>0</H5P>
    <H6A>0</H6A>
    <H6D>0</H6D>
    <H6P>0</H6P>
    <H7A>0</H7A>
    <H7D>0</H7D>
    <H7P>0</H7P>
    <H8A>1</H8A>
    <H8D>1</H8D>
    <H8P>1</H8P>
    <H9A>x</H9A>
    <H9D>x</H9D>
    <H9P>x</H9P>
    <HCOM></HCOM>
    <ID>19184</ID>
    <L1>1</L1>
    <L10>00</L10>
    <L11>00</L11>
    <L12>00</L12>
    <L13>00</L13>
    <L14>00</L14>
    <L15>00</L15>
    <L16>00</L16>
    <L16T></L16T>
    <L17>01</L17>
    <L18>00</L18>
    <L19>00</L19>
    <L2>1</L2>
    <L20>00</L20>
    <L21>12</L21>
    <L22>05</L22>
    <L23>08</L23>
    <L24>0</L24>
    <L25></L25>
    <L26>00</L26>
    <L27>00</L27>
    <L28>4</L28>
    <L29>0</L29>
    <L3>02</L3>
    <L30>7</L30>
    <L31>0</L31>
    <L32>0</L32>
    <L4>00</L4>
    <L5>02</L5>
    <L6>00</L6>
    <L7>00</L7>
    <L8>01</L8>
    <L9>00</L9>
    <LCOM>L3. Petit larceny x 2 (2013). L5. Possessoin of CDS x2 (2015, 2010).  Possession of paraphernalia (2015). L8. Attempted 2nd degree burglary (2013).  </LCOM>
    <M1>00</M1>
    <M10>0</M10>
    <M11>0</M11>
    <M2M>NN</M2M>
    <M2Y>NN</M2Y>
    <M3>0</M3>
    <M4>0</M4>
    <M5>0</M5>
    <M6>04</M6>
    <M7>2</M7>
    <M8>0</M8>
    <M9>3</M9>
    <MCOM>G14. Currently in transitional living facility.  Has had cold 4 of past 30 days, no current/chronic medical issues reported.</MCOM>
    <P1>04</P1>
    <P10D>0</P10D>
    <P10L>0</P10L>
    <P11D>0</P11D>
    <P11L>1</P11L>
    <P12>30</P12>
    <P13>4</P13>
    <P14>4</P14>
    <P15>0</P15>
    <P16>0</P16>
    <P17>0</P17>
    <P18>0</P18>
    <P19>0</P19>
    <P2>01</P2>
    <P20>0</P20>
    <P21>7</P21>
    <P22>0</P22>
    <P23>0</P23>
    <P3></P3>
    <P4D>0</P4D>
    <P4L>1</P4L>
    <P5D>1</P5D>
    <P5L>1</P5L>
    <P6D>0</P6D>
    <P6L>1</P6L>
    <P7D>1</P7D>
    <P7L>1</P7L>
    <P8D>0</P8D>
    <P8L>0</P8L>
    <P9D>0</P9D>
    <P9L>1</P9L>
    <PCOM>P1. Has been hospitalized four times for psychatric issues (Laureate, Parkside, Crisis Unit in Muskogee, Bill Willis in Tahlequah, OK).  most recently hospitalized at Laureate in 2013. P2. Went to CREOKS in Wagoner in 2017. P5. Reported significant symptoms of anxiety and social anxiety. P6. Reported history of audio and visual hallucinations; most recently in 2017.  No issues since that time. P7. Problems with memory. P11. Reported being prescribed Wellbutrin, Abilify, Geodon, Xanax, Seroquel, Ambien, Buspar in the past for psychiatric issues.  Not currently taking medications.   </PCOM>
    <SPAlcohol>4</SPAlcohol>
    <SPDrugs>7</SPDrugs>
    <SPEmpSup>2</SPEmpSup>
    <SPFamily>7</SPFamily>
    <SPLegal>7</SPLegal>
    <SPMedical>3</SPMedical>
    <SPPsych>7</SPPsych>

  </Record>

</topmostSubform>
</xfa:data>
</xfa:datasets>
<pdf href="http://forms.okmis.com/printing/PrintClientASI_Rev2.pdf" xmlns="http://ns.adobe.com/xdp/pdf/" />
</xdp:xdp>
