vitals.cgi: form-Browser=Mozilla/5.0
vitals.cgi: form-ClientID=53531
vitals.cgi: form-DBNAME=okmis_4hc
vitals.cgi: form-DOCBIN=/home/okmis/public_html/4hc/cgi/bin
vitals.cgi: form-DOCPARENT=/home/okmis/public_html/
vitals.cgi: form-DOCROOT=/home/okmis/public_html/4hc
vitals.cgi: form-HTTPSERVER=https://4hc.okmis.com
vitals.cgi: form-LINKID=344
vitals.cgi: form-LOGINACLID=
vitals.cgi: form-LOGINAGENCY=91
vitals.cgi: form-LOGINEMAIL=support@okmis.com
vitals.cgi: form-LOGINID=root
vitals.cgi: form-LOGINNAME=4 Hearts Counseling Group
vitals.cgi: form-LOGINPROVID=91
vitals.cgi: form-LOGINSCREEN=ManagerTree.cgi
vitals.cgi: form-LOGINTYPE=0
vitals.cgi: form-LOGINUSERDB=okmis_4hc
vitals.cgi: form-LOGINUSERID=91
vitals.cgi: form-LOGINUSERNAME=Root User 
vitals.cgi: form-LOGINUSERTYPE=1
vitals.cgi: form-NOW=02:08:23
vitals.cgi: form-TODAY=2024-02-06
vitals.cgi: form-USERLOGINID=okmis_4hc:91
vitals.cgi: form-browser=Mozilla/5.0
vitals.cgi: form-misLINKS=343
vitals.cgi: form-mlt=JioyxEEy2ozz
vitals.cgi: form-query=ClientID=53531&mlt=JioyxEEy2ozz&misLINKS=343
vitals.cgi: form-updLINKIDnew=
